#
# There is insufficient memory for the Java Runtime Environment to continue.
# Native memory allocation (malloc) failed to allocate 1048576 bytes for AllocateHeap
# Possible reasons:
#   The system is out of physical RAM or swap space
#   The process is running with CompressedOops enabled, and the Java Heap may be blocking the growth of the native heap
# Possible solutions:
#   Reduce memory load on the system
#   Increase physical memory or swap space
#   Check if swap backing store is full
#   Decrease Java heap size (-Xmx/-Xms)
#   Decrease number of Java threads
#   Decrease Java thread stack sizes (-Xss)
#   Set larger code cache with -XX:ReservedCodeCacheSize=
#   JVM is running with Unscaled Compressed Oops mode in which the Java heap is
#     placed in the first 4GB address space. The Java Heap base address is the
#     maximum limit for the native heap growth. Please use -XX:HeapBaseMinAddress
#     to set the Java Heap base and to place the Java Heap above 4GB virtual address.
# This output file may be truncated or incomplete.
#
#  Out of Memory Error (allocation.cpp:44), pid=12692, tid=7776
#
# JRE version:  (17.0.5+8) (build )
# Java VM: OpenJDK 64-Bit Server VM (17.0.5+8, mixed mode, sharing, tiered, compressed oops, compressed class ptrs, g1 gc, windows-amd64)
# No core dump will be written. Minidumps are not enabled by default on client versions of Windows
#

---------------  S U M M A R Y ------------

Command Line: -ea -Dfile.encoding=UTF-8 -XX:+ShowCodeDetailsInExceptionMessages org.eclipse.jdt.internal.junit.runner.RemoteTestRunner -version 3 -port 61072 -testLoaderClass org.eclipse.jdt.internal.junit4.runner.JUnit4TestLoader -loaderpluginname org.eclipse.jdt.junit4.runtime -classNames org.junit.testing.A

Host: Intel(R) Core(TM) i3-1005G1 CPU @ 1.20GHz, 4 cores, 7G,  Windows 11 , 64 bit Build 26100 (10.0.26100.6682)
Time: Thu Dec 25 08:55:26 2025 India Standard Time elapsed time: 1.113428 seconds (0d 0h 0m 1s)

---------------  T H R E A D  ---------------

Current thread (0x0000022696795c70):  JavaThread "Unknown thread" [_thread_in_vm, id=7776, stack(0x0000007607400000,0x0000007607500000)]

Stack: [0x0000007607400000,0x0000007607500000]
Native frames: (J=compiled Java code, j=interpreted, Vv=VM code, C=native code)
V  [jvm.dll+0x676b3a]
V  [jvm.dll+0x831444]
V  [jvm.dll+0x832bee]
V  [jvm.dll+0x833253]
V  [jvm.dll+0x244ce5]
V  [jvm.dll+0xa631f]
V  [jvm.dll+0x2e3c67]
V  [jvm.dll+0x2dbacb]
V  [jvm.dll+0x803121]
V  [jvm.dll+0x368bb1]
V  [jvm.dll+0x7e265c]
V  [jvm.dll+0x3eb17f]
V  [jvm.dll+0x3eccc1]
C  [jli.dll+0x5267]
C  [ucrtbase.dll+0x37b0]
C  [KERNEL32.DLL+0x2e8d7]
C  [ntdll.dll+0x8c53c]


---------------  P R O C E S S  ---------------

Threads class SMR info:
_java_thread_list=0x00007ff9d4c42f18, length=0, elements={
}

Java Threads: ( => current thread )

Other Threads:
  0x00000226967f2da0 GCTaskThread "GC Thread#0" [stack: 0x0000007607500000,0x0000007607600000] [id=11724]

[error occurred during error reporting (printing all threads), id 0xc0000005, EXCEPTION_ACCESS_VIOLATION (0xc0000005) at pc=0x00007ff9d4418bf0]

VM state: not at safepoint (not fully initialized)

VM Mutex/Monitor currently owned by a thread:  ([mutex/lock_event])
[0x0000022696791c50] Heap_lock - owner thread: 0x0000022696795c70

Heap address: 0x0000000084000000, size: 1984 MB, Compressed Oops mode: 32-bit

CDS archive(s) mapped at: [0x0000000000000000-0x0000000000000000-0x0000000000000000), size 0, SharedBaseAddress: 0x0000000800000000, ArchiveRelocationMode: 0.
Narrow klass base: 0x0000000000000000, Narrow klass shift: 0, Narrow klass range: 0x0

GC Precious Log:
<Empty>

Heap:
 garbage-first heap   total 0K, used 0K [0x0000000084000000, 0x0000000100000000)
  region size 1024K, 0 young (0K), 0 survivors (0K)

[error occurred during error reporting (printing heap information), id 0xc0000005, EXCEPTION_ACCESS_VIOLATION (0xc0000005) at pc=0x00007ff9d47ffcb9]

GC Heap History (0 events):
No events

Dll operation events (1 events):
Event: 0.010 Loaded shared library C:\Users\AJITH\.p2\pool\plugins\org.eclipse.justj.openjdk.hotspot.jre.full.win32.x86_64_17.0.5.v20221102-0933\jre\bin\java.dll

Deoptimization events (0 events):
No events

Classes unloaded (0 events):
No events

Classes redefined (0 events):
No events

Internal exceptions (0 events):
No events

VM Operations (0 events):
No events

Events (0 events):
No events


Dynamic libraries:
0x00007ff7cf9f0000 - 0x00007ff7cf9fe000 	C:\Users\AJITH\.p2\pool\plugins\org.eclipse.justj.openjdk.hotspot.jre.full.win32.x86_64_17.0.5.v20221102-0933\jre\bin\javaw.exe
0x00007ffa613a0000 - 0x00007ffa61608000 	C:\WINDOWS\SYSTEM32\ntdll.dll
0x00007ffa60e60000 - 0x00007ffa60f29000 	C:\WINDOWS\System32\KERNEL32.DLL
0x00007ffa5eaf0000 - 0x00007ffa5eee2000 	C:\WINDOWS\System32\KERNELBASE.dll
0x00007ffa5e770000 - 0x00007ffa5e8bb000 	C:\WINDOWS\System32\ucrtbase.dll
0x00007ffa49a20000 - 0x00007ffa49a39000 	C:\Users\AJITH\.p2\pool\plugins\org.eclipse.justj.openjdk.hotspot.jre.full.win32.x86_64_17.0.5.v20221102-0933\jre\bin\VCRUNTIME140.dll
0x00007ffa57750000 - 0x00007ffa57767000 	C:\Users\AJITH\.p2\pool\plugins\org.eclipse.justj.openjdk.hotspot.jre.full.win32.x86_64_17.0.5.v20221102-0933\jre\bin\jli.dll
0x00007ffa60c90000 - 0x00007ffa60e55000 	C:\WINDOWS\System32\USER32.dll
0x00007ffa492e0000 - 0x00007ffa49573000 	C:\WINDOWS\WinSxS\amd64_microsoft.windows.common-controls_6595b64144ccf1df_6.0.26100.6682_none_3e0e9e60e32ebb61\COMCTL32.dll
0x00007ffa5ea30000 - 0x00007ffa5ea57000 	C:\WINDOWS\System32\win32u.dll
0x00007ffa60b60000 - 0x00007ffa60c09000 	C:\WINDOWS\System32\msvcrt.dll
0x00007ffa61010000 - 0x00007ffa6103b000 	C:\WINDOWS\System32\GDI32.dll
0x00007ffa5efa0000 - 0x00007ffa5f0cd000 	C:\WINDOWS\System32\gdi32full.dll
0x00007ffa5eef0000 - 0x00007ffa5ef93000 	C:\WINDOWS\System32\msvcp_win.dll
0x00007ffa604e0000 - 0x00007ffa6050f000 	C:\WINDOWS\System32\IMM32.DLL
0x00007ffa50d20000 - 0x00007ffa50d2c000 	C:\Users\AJITH\.p2\pool\plugins\org.eclipse.justj.openjdk.hotspot.jre.full.win32.x86_64_17.0.5.v20221102-0933\jre\bin\vcruntime140_1.dll
0x00007ffa40b40000 - 0x00007ffa40bd1000 	C:\Users\AJITH\.p2\pool\plugins\org.eclipse.justj.openjdk.hotspot.jre.full.win32.x86_64_17.0.5.v20221102-0933\jre\bin\msvcp140.dll
0x00007ff9d4130000 - 0x00007ff9d4d74000 	C:\Users\AJITH\.p2\pool\plugins\org.eclipse.justj.openjdk.hotspot.jre.full.win32.x86_64_17.0.5.v20221102-0933\jre\bin\server\jvm.dll
0x00007ffa5f830000 - 0x00007ffa5f8e4000 	C:\WINDOWS\System32\ADVAPI32.dll
0x00007ffa60760000 - 0x00007ffa60806000 	C:\WINDOWS\System32\sechost.dll
0x00007ffa5fc70000 - 0x00007ffa5fd88000 	C:\WINDOWS\System32\RPCRT4.dll
0x00007ffa487c0000 - 0x00007ffa487f5000 	C:\WINDOWS\SYSTEM32\WINMM.dll
0x00007ffa49190000 - 0x00007ffa4919a000 	C:\WINDOWS\SYSTEM32\WSOCK32.dll
0x00007ffa54180000 - 0x00007ffa5418b000 	C:\WINDOWS\SYSTEM32\VERSION.dll
0x00007ffa60c10000 - 0x00007ffa60c84000 	C:\WINDOWS\System32\WS2_32.dll
0x00007ffa5d300000 - 0x00007ffa5d31b000 	C:\WINDOWS\SYSTEM32\kernel.appcore.dll
0x00007ffa49120000 - 0x00007ffa4912a000 	C:\Users\AJITH\.p2\pool\plugins\org.eclipse.justj.openjdk.hotspot.jre.full.win32.x86_64_17.0.5.v20221102-0933\jre\bin\jimage.dll
0x00007ffa5bc70000 - 0x00007ffa5beb2000 	C:\WINDOWS\SYSTEM32\DBGHELP.DLL
0x00007ffa5f8f0000 - 0x00007ffa5fc6b000 	C:\WINDOWS\System32\combase.dll
0x00007ffa60810000 - 0x00007ffa608e7000 	C:\WINDOWS\System32\OLEAUT32.dll
0x00007ffa4a050000 - 0x00007ffa4a08c000 	C:\WINDOWS\SYSTEM32\dbgcore.DLL
0x00007ffa5f0d0000 - 0x00007ffa5f168000 	C:\WINDOWS\System32\bcryptPrimitives.dll
0x00007ff9ec4c0000 - 0x00007ff9ec4e5000 	C:\Users\AJITH\.p2\pool\plugins\org.eclipse.justj.openjdk.hotspot.jre.full.win32.x86_64_17.0.5.v20221102-0933\jre\bin\java.dll

dbghelp: loaded successfully - version: 4.0.5 - missing functions: none
symbol engine: initialized successfully - sym options: 0x614 - pdb path: .;C:\Users\AJITH\.p2\pool\plugins\org.eclipse.justj.openjdk.hotspot.jre.full.win32.x86_64_17.0.5.v20221102-0933\jre\bin;C:\WINDOWS\SYSTEM32;C:\WINDOWS\WinSxS\amd64_microsoft.windows.common-controls_6595b64144ccf1df_6.0.26100.6682_none_3e0e9e60e32ebb61;C:\Users\AJITH\.p2\pool\plugins\org.eclipse.justj.openjdk.hotspot.jre.full.win32.x86_64_17.0.5.v20221102-0933\jre\bin\server

VM Arguments:
jvm_args: -ea -Dfile.encoding=UTF-8 -XX:+ShowCodeDetailsInExceptionMessages 
java_command: org.eclipse.jdt.internal.junit.runner.RemoteTestRunner -version 3 -port 61072 -testLoaderClass org.eclipse.jdt.internal.junit4.runner.JUnit4TestLoader -loaderpluginname org.eclipse.jdt.junit4.runtime -classNames org.junit.testing.A
java_class_path (initial): C:\Users\AJITH\eclipse-workspace\JunitProject\target\test-classes;C:\Users\AJITH\eclipse-workspace\JunitProject\target\classes;C:\Users\AJITH\.p2\pool\plugins\junit-jupiter-api_5.9.1.jar;C:\Users\AJITH\.p2\pool\plugins\junit-jupiter-engine_5.9.1.jar;C:\Users\AJITH\.p2\pool\plugins\junit-jupiter-migrationsupport_5.9.1.jar;C:\Users\AJITH\.p2\pool\plugins\junit-jupiter-params_5.9.1.jar;C:\Users\AJITH\.p2\pool\plugins\junit-platform-commons_1.9.1.jar;C:\Users\AJITH\.p2\pool\plugins\junit-platform-engine_1.9.1.jar;C:\Users\AJITH\.p2\pool\plugins\junit-platform-launcher_1.9.1.jar;C:\Users\AJITH\.p2\pool\plugins\junit-platform-runner_1.9.1.jar;C:\Users\AJITH\.p2\pool\plugins\junit-platform-suite-api_1.9.1.jar;C:\Users\AJITH\.p2\pool\plugins\junit-platform-suite-engine_1.9.1.jar;C:\Users\AJITH\.p2\pool\plugins\junit-platform-suite-commons_1.9.1.jar;C:\Users\AJITH\.p2\pool\plugins\junit-vintage-engine_5.9.1.jar;C:\Users\AJITH\.p2\pool\plugins\org.opentest4j_1.2.0.jar;C:\Users\AJITH\.p2\pool\plugins\org.apiguardian.api_1.1.2.jar;C:\Users\AJITH\.p2\pool\plugins\org.junit_4.13.2.v20211018-1956.jar;C:\Users\AJITH\.p2\pool\plugins\org.hamcrest.core_1.3.0.v20180420-1519.jar;C:\Users\AJITH\.m2\repository\org\apache\poi\poi-ooxml\3.8-beta4\poi-ooxml-3.8-beta4.jar;C:\Users\AJITH\.m2\repository\org\apache\poi\poi\3.8-beta4\poi-3.8-beta4.jar;C:\Users\AJITH\.m2\repository\commons-codec\commons-codec\1.5\commons-codec-1.5.jar;C:\Users\AJITH\.m2\repository\org\apache\poi\poi-ooxml-schemas\3.8-beta4\poi-ooxml-schemas-3.8-beta4.jar;C:\Users\AJITH\.m2\repository\org\apache\xmlbeans\xmlbeans\2.3.0\xmlbeans-2.3.0.jar;C:\Users\AJITH\.m2\repository\stax\stax-api\1.0.1\stax-api-1.0.1.jar;C:\Users\AJITH\.m2\repository\dom4j\dom4j\1.6.1\dom4j-1.6.1.jar;C:\Users\AJITH\.m2\repository\xml-apis\xml-apis\1.0.b2\xml-apis-1.0.b2.jar;C:\Users\AJITH\.m2\repository\commons-io\commons-io\2.4\commons-io-2.4.jar;C:\Users\AJITH\.m2\repository\org\seleniumhq\selenium\selenium-java\3.1
Launcher Type: SUN_STANDARD

[Global flags]
     intx CICompilerCount                          = 3                                         {product} {ergonomic}
     uint ConcGCThreads                            = 1                                         {product} {ergonomic}
     uint G1ConcRefinementThreads                  = 4                                         {product} {ergonomic}
   size_t G1HeapRegionSize                         = 1048576                                   {product} {ergonomic}
    uintx GCDrainStackTargetSize                   = 64                                        {product} {ergonomic}
   size_t InitialHeapSize                          = 130023424                                 {product} {ergonomic}
   size_t MarkStackSize                            = 4194304                                   {product} {ergonomic}
   size_t MaxHeapSize                              = 2080374784                                {product} {ergonomic}
   size_t MinHeapDeltaBytes                        = 1048576                                   {product} {ergonomic}
   size_t MinHeapSize                              = 8388608                                   {product} {ergonomic}
    uintx NonNMethodCodeHeapSize                   = 5832780                                {pd product} {ergonomic}
    uintx NonProfiledCodeHeapSize                  = 122912730                              {pd product} {ergonomic}
    uintx ProfiledCodeHeapSize                     = 122912730                              {pd product} {ergonomic}
    uintx ReservedCodeCacheSize                    = 251658240                              {pd product} {ergonomic}
     bool SegmentedCodeCache                       = true                                      {product} {ergonomic}
     bool ShowCodeDetailsInExceptionMessages       = true                                   {manageable} {command line}
   size_t SoftMaxHeapSize                          = 2080374784                             {manageable} {ergonomic}
     bool UseCompressedClassPointers               = true                           {product lp64_product} {ergonomic}
     bool UseCompressedOops                        = true                           {product lp64_product} {ergonomic}
     bool UseG1GC                                  = true                                      {product} {ergonomic}
     bool UseLargePagesIndividualAllocation        = false                                  {pd product} {ergonomic}

Logging:
Log output configuration:
 #0: stdout all=warning uptime,level,tags
 #1: stderr all=off uptime,level,tags

Environment Variables:
PATH=C:/Users/AJITH/.p2/pool/plugins/org.eclipse.justj.openjdk.hotspot.jre.full.win32.x86_64_17.0.5.v20221102-0933/jre/bin/server;C:/Users/AJITH/.p2/pool/plugins/org.eclipse.justj.openjdk.hotspot.jre.full.win32.x86_64_17.0.5.v20221102-0933/jre/bin;C:\Program Files\Common Files\Oracle\Java\javapath;C:\oraclexe\app\oracle\product\10.2.0\server\bin;C:\WINDOWS\system32;C:\WINDOWS;C:\WINDOWS\System32\Wbem;C:\WINDOWS\System32\WindowsPowerShell\v1.0\;C:\WINDOWS\System32\OpenSSH\;C:\Program Files\Java\jdk1.8.0_202\bin;C:\Program Files\apache-maven-3.9.0\bin;C:\ProgramData\chocolatey\bin;C:\Program Files\Git\cmd;C:\Users\AJITH\AppData\Local\Microsoft\WindowsApps;;C:\WINDOWS\System32;
USERNAME=AJITH
OS=Windows_NT
PROCESSOR_IDENTIFIER=Intel64 Family 6 Model 126 Stepping 5, GenuineIntel
TMP=C:\Users\AJITH\AppData\Local\Temp
TEMP=C:\Users\AJITH\AppData\Local\Temp



---------------  S Y S T E M  ---------------

OS:
 Windows 11 , 64 bit Build 26100 (10.0.26100.6682)
OS uptime: 1 days 11:40 hours

CPU: total 4 (initial active 4) (2 cores per cpu, 2 threads per core) family 6 model 126 stepping 5 microcode 0xb8, cx8, cmov, fxsr, ht, mmx, 3dnowpref, sse, sse2, sse3, ssse3, sse4.1, sse4.2, popcnt, lzcnt, tsc, tscinvbit, avx, avx2, aes, erms, clmul, bmi1, bmi2, adx, avx512f, avx512dq, avx512cd, avx512bw, avx512vl, sha, fma, vzeroupper, avx512_vpopcntdq, avx512_vpclmulqdq, avx512_vaes, avx512_vnni, clflush, clflushopt, avx512_vbmi2, avx512_vbmi

Memory: 4k page, system-wide physical 7932M (1022M free)
TotalPageFile size 9980M (AvailPageFile size 247M)
current process WorkingSet (physical memory assigned to process): 12M, peak: 12M
current process commit charge ("private bytes"): 47M, peak: 48M

vm_info: OpenJDK 64-Bit Server VM (17.0.5+8) for windows-amd64 JRE (17.0.5+8), built on Oct 19 2022 04:48:13 by "temurin" with MS VC++ 16.7 (VS2019)

END.
